<?xml version="1.0" encoding="UTF-8" standalone="yes"?>
<ns2:test-suite xmlns:ns2="urn:model.allure.qatools.yandex.ru" start="1582344005139" stop="1582344032991" version="1.4.4">
    <name>OpenProject</name>
    <title>OpenProject : registration[browserType=chrome]</title>
    <test-cases>
        <test-case start="1582344016243" stop="1582344032082" status="failed">
            <name>createCompanyWithPublicAccess</name>
            <failure>
                <message>AssertionError: Element By.xpath: //div[@name='country'] was not clickable
com.slokam.test.automation.common.selenium.SafeActions.safeClick(SafeActions.java:110)
com.slokam.test.automation.common.pages.CreateCompanyPage.createPublicAccessCompany(CreateCompanyPage.java:35)
com.slokam.test.automation.testscripts.basic.CreateCompanyTest.createCompanyWithPublicAccess(CreateCompanyTest.java:44)
sun.reflect.NativeMethodAccessorImpl.invoke0(Native Method)
sun.reflect.NativeMethodAccessorImpl.invoke(Unknown Source)
sun.reflect.DelegatingMethodAccessorImpl.invoke(Unknown Source)
java.lang.reflect.Method.invoke(Unknown Source)
org.testng.internal.MethodInvocationHelper.invokeMethod(MethodInvocationHelper.java:124)
org.testng.internal.Invoker.invokeMethod(Invoker.java:583)
org.testng.internal.Invoker.invokeTestMethod(Invoker.java:719)
org.testng.internal.Invoker.invokeTestMethods(Invoker.java:989)
org.testng.internal.TestMethodWorker.invokeTestMethods(TestMethodWorker.java:125)
org.testng.internal.TestMethodWorker.run(TestMethodWorker.java:109)
org.testng.TestRunner.privateRun(TestRunner.java:648)
org.testng.TestRunner.run(TestRunner.java:505)
org.testng.SuiteRunner.runTest(SuiteRunner.java:455)
org.testng.SuiteRunner.runSequentially(SuiteRunner.java:450)
org.testng.SuiteRunner.privateRun(SuiteRunner.java:415)
org.testng.SuiteRunner.run(SuiteRunner.java:364)
org.testng.SuiteRunnerWorker.runSuite(SuiteRunnerWorker.java:52)
org.testng.SuiteRunnerWorker.run(SuiteRunnerWorker.java:84)
org.testng.TestNG.runSuitesSequentially(TestNG.java:1208)
org.testng.TestNG.runSuitesLocally(TestNG.java:1137)
org.testng.TestNG.runSuites(TestNG.java:1049)
org.testng.TestNG.run(TestNG.java:1017)
org.apache.maven.surefire.testng.TestNGExecutor.run(TestNGExecutor.java:283)
org.apache.maven.surefire.testng.TestNGXmlTestSuite.execute(TestNGXmlTestSuite.java:75)
org.apache.maven.surefire.testng.TestNGProvider.invoke(TestNGProvider.java:120)
org.apache.maven.surefire.booter.ForkedBooter.invokeProviderInSameClassLoader(ForkedBooter.java:379)
org.apache.maven.surefire.booter.ForkedBooter.runSuitesInProcess(ForkedBooter.java:340)
org.apache.maven.surefire.booter.ForkedBooter.execute(ForkedBooter.java:125)
org.apache.maven.surefire.booter.ForkedBooter.main(ForkedBooter.java:413)</message>
                <stack-trace>java.lang.AssertionError: Element By.xpath: //div[@name='country'] was not clickable
com.slokam.test.automation.common.selenium.SafeActions.safeClick(SafeActions.java:110)
com.slokam.test.automation.common.pages.CreateCompanyPage.createPublicAccessCompany(CreateCompanyPage.java:35)
com.slokam.test.automation.testscripts.basic.CreateCompanyTest.createCompanyWithPublicAccess(CreateCompanyTest.java:44)
sun.reflect.NativeMethodAccessorImpl.invoke0(Native Method)
sun.reflect.NativeMethodAccessorImpl.invoke(Unknown Source)
sun.reflect.DelegatingMethodAccessorImpl.invoke(Unknown Source)
java.lang.reflect.Method.invoke(Unknown Source)
org.testng.internal.MethodInvocationHelper.invokeMethod(MethodInvocationHelper.java:124)
org.testng.internal.Invoker.invokeMethod(Invoker.java:583)
org.testng.internal.Invoker.invokeTestMethod(Invoker.java:719)
org.testng.internal.Invoker.invokeTestMethods(Invoker.java:989)
org.testng.internal.TestMethodWorker.invokeTestMethods(TestMethodWorker.java:125)
org.testng.internal.TestMethodWorker.run(TestMethodWorker.java:109)
org.testng.TestRunner.privateRun(TestRunner.java:648)
org.testng.TestRunner.run(TestRunner.java:505)
org.testng.SuiteRunner.runTest(SuiteRunner.java:455)
org.testng.SuiteRunner.runSequentially(SuiteRunner.java:450)
org.testng.SuiteRunner.privateRun(SuiteRunner.java:415)
org.testng.SuiteRunner.run(SuiteRunner.java:364)
org.testng.SuiteRunnerWorker.runSuite(SuiteRunnerWorker.java:52)
org.testng.SuiteRunnerWorker.run(SuiteRunnerWorker.java:84)
org.testng.TestNG.runSuitesSequentially(TestNG.java:1208)
org.testng.TestNG.runSuitesLocally(TestNG.java:1137)
org.testng.TestNG.runSuites(TestNG.java:1049)
org.testng.TestNG.run(TestNG.java:1017)
org.apache.maven.surefire.testng.TestNGExecutor.run(TestNGExecutor.java:283)
org.apache.maven.surefire.testng.TestNGXmlTestSuite.execute(TestNGXmlTestSuite.java:75)
org.apache.maven.surefire.testng.TestNGProvider.invoke(TestNGProvider.java:120)
org.apache.maven.surefire.booter.ForkedBooter.invokeProviderInSameClassLoader(ForkedBooter.java:379)
org.apache.maven.surefire.booter.ForkedBooter.runSuitesInProcess(ForkedBooter.java:340)
org.apache.maven.surefire.booter.ForkedBooter.execute(ForkedBooter.java:125)
org.apache.maven.surefire.booter.ForkedBooter.main(ForkedBooter.java:413)
	at com.testng.Assert.fail(Assert.java:202)
	at com.slokam.test.automation.common.selenium.SafeActions.safeClick(SafeActions.java:110)
	at com.slokam.test.automation.common.pages.CreateCompanyPage.createPublicAccessCompany(CreateCompanyPage.java:35)
	at com.slokam.test.automation.testscripts.basic.CreateCompanyTest.createCompanyWithPublicAccess(CreateCompanyTest.java:44)
</stack-trace>
            </failure>
            <steps/>
            <attachments/>
            <labels>
                <label name="host" value="DESKTOP-ACLN3OR"/>
                <label name="thread" value="9256@DESKTOP-ACLN3OR.main"/>
            </labels>
        </test-case>
    </test-cases>
    <labels>
        <label name="framework" value="TestNG"/>
        <label name="language" value="JAVA"/>
    </labels>
</ns2:test-suite>
