<?xml version="1.0" encoding="UTF-8"?>
<testng-results skipped="0" failed="1" ignored="0" total="1" passed="0">
  <reporter-output>
  </reporter-output>
  <suite name="OpenProject" duration-ms="27770" started-at="2020-02-22T04:00:05Z" finished-at="2020-02-22T04:00:32Z">
    <groups>
    </groups>
    <test name="registration" duration-ms="27770" started-at="2020-02-22T04:00:05Z" finished-at="2020-02-22T04:00:32Z">
      <class name="com.slokam.test.automation.testscripts.basic.CreateCompanyTest">
        <test-method status="PASS" signature="beforeSuite()[pri:0, instance:com.slokam.test.automation.testscripts.basic.CreateCompanyTest@22fcf7ab]" name="beforeSuite" is-config="true" duration-ms="237" started-at="2020-02-22T04:00:04Z" finished-at="2020-02-22T04:00:05Z">
          <reporter-output>
          </reporter-output>
        </test-method> <!-- beforeSuite -->
        <test-method status="PASS" signature="initializeBaseSetup(java.lang.String, org.testng.ITestContext)[pri:0, instance:com.slokam.test.automation.testscripts.basic.CreateCompanyTest@22fcf7ab]" name="initializeBaseSetup" is-config="true" duration-ms="11047" started-at="2020-02-22T04:00:05Z" finished-at="2020-02-22T04:00:16Z">
          <params>
            <param index="0">
              <value>
                <![CDATA[chrome]]>
              </value>
            </param>
            <param index="1">
              <value>
                <![CDATA[org.testng.TestRunner@41fed14f]]>
              </value>
            </param>
          </params>
          <reporter-output>
          </reporter-output>
        </test-method> <!-- initializeBaseSetup -->
        <test-method status="FAIL" signature="createCompanyWithPublicAccess()[pri:0, instance:com.slokam.test.automation.testscripts.basic.CreateCompanyTest@22fcf7ab]" name="createCompanyWithPublicAccess" duration-ms="15862" started-at="2020-02-22T04:00:16Z" finished-at="2020-02-22T04:00:32Z">
          <exception class="java.lang.AssertionError">
            <message>
              <![CDATA[Element By.xpath: //div[@name='country'] was not clickable
com.slokam.test.automation.common.selenium.SafeActions.safeClick(SafeActions.java:110)
com.slokam.test.automation.common.pages.CreateCompanyPage.createPublicAccessCompany(CreateCompanyPage.java:35)
com.slokam.test.automation.testscripts.basic.CreateCompanyTest.createCompanyWithPublicAccess(CreateCompanyTest.java:44)
sun.reflect.NativeMethodAccessorImpl.invoke0(Native Method)
sun.reflect.NativeMethodAccessorImpl.invoke(Unknown Source)
sun.reflect.DelegatingMethodAccessorImpl.invoke(Unknown Source)
java.lang.reflect.Method.invoke(Unknown Source)
org.testng.internal.MethodInvocationHelper.invokeMethod(MethodInvocationHelper.java:124)
org.testng.internal.Invoker.invokeMethod(Invoker.java:583)
org.testng.internal.Invoker.invokeTestMethod(Invoker.java:719)
org.testng.internal.Invoker.invokeTestMethods(Invoker.java:989)
org.testng.internal.TestMethodWorker.invokeTestMethods(TestMethodWorker.java:125)
org.testng.internal.TestMethodWorker.run(TestMethodWorker.java:109)
org.testng.TestRunner.privateRun(TestRunner.java:648)
org.testng.TestRunner.run(TestRunner.java:505)
org.testng.SuiteRunner.runTest(SuiteRunner.java:455)
org.testng.SuiteRunner.runSequentially(SuiteRunner.java:450)
org.testng.SuiteRunner.privateRun(SuiteRunner.java:415)
org.testng.SuiteRunner.run(SuiteRunner.java:364)
org.testng.SuiteRunnerWorker.runSuite(SuiteRunnerWorker.java:52)
org.testng.SuiteRunnerWorker.run(SuiteRunnerWorker.java:84)
org.testng.TestNG.runSuitesSequentially(TestNG.java:1208)
org.testng.TestNG.runSuitesLocally(TestNG.java:1137)
org.testng.TestNG.runSuites(TestNG.java:1049)
org.testng.TestNG.run(TestNG.java:1017)
org.apache.maven.surefire.testng.TestNGExecutor.run(TestNGExecutor.java:283)
org.apache.maven.surefire.testng.TestNGXmlTestSuite.execute(TestNGXmlTestSuite.java:75)
org.apache.maven.surefire.testng.TestNGProvider.invoke(TestNGProvider.java:120)
org.apache.maven.surefire.booter.ForkedBooter.invokeProviderInSameClassLoader(ForkedBooter.java:379)
org.apache.maven.surefire.booter.ForkedBooter.runSuitesInProcess(ForkedBooter.java:340)
org.apache.maven.surefire.booter.ForkedBooter.execute(ForkedBooter.java:125)
org.apache.maven.surefire.booter.ForkedBooter.main(ForkedBooter.java:413)]]>
            </message>
            <full-stacktrace>
              <![CDATA[java.lang.AssertionError: Element By.xpath: //div[@name='country'] was not clickable
com.slokam.test.automation.common.selenium.SafeActions.safeClick(SafeActions.java:110)
com.slokam.test.automation.common.pages.CreateCompanyPage.createPublicAccessCompany(CreateCompanyPage.java:35)
com.slokam.test.automation.testscripts.basic.CreateCompanyTest.createCompanyWithPublicAccess(CreateCompanyTest.java:44)
sun.reflect.NativeMethodAccessorImpl.invoke0(Native Method)
sun.reflect.NativeMethodAccessorImpl.invoke(Unknown Source)
sun.reflect.DelegatingMethodAccessorImpl.invoke(Unknown Source)
java.lang.reflect.Method.invoke(Unknown Source)
org.testng.internal.MethodInvocationHelper.invokeMethod(MethodInvocationHelper.java:124)
org.testng.internal.Invoker.invokeMethod(Invoker.java:583)
org.testng.internal.Invoker.invokeTestMethod(Invoker.java:719)
org.testng.internal.Invoker.invokeTestMethods(Invoker.java:989)
org.testng.internal.TestMethodWorker.invokeTestMethods(TestMethodWorker.java:125)
org.testng.internal.TestMethodWorker.run(TestMethodWorker.java:109)
org.testng.TestRunner.privateRun(TestRunner.java:648)
org.testng.TestRunner.run(TestRunner.java:505)
org.testng.SuiteRunner.runTest(SuiteRunner.java:455)
org.testng.SuiteRunner.runSequentially(SuiteRunner.java:450)
org.testng.SuiteRunner.privateRun(SuiteRunner.java:415)
org.testng.SuiteRunner.run(SuiteRunner.java:364)
org.testng.SuiteRunnerWorker.runSuite(SuiteRunnerWorker.java:52)
org.testng.SuiteRunnerWorker.run(SuiteRunnerWorker.java:84)
org.testng.TestNG.runSuitesSequentially(TestNG.java:1208)
org.testng.TestNG.runSuitesLocally(TestNG.java:1137)
org.testng.TestNG.runSuites(TestNG.java:1049)
org.testng.TestNG.run(TestNG.java:1017)
org.apache.maven.surefire.testng.TestNGExecutor.run(TestNGExecutor.java:283)
org.apache.maven.surefire.testng.TestNGXmlTestSuite.execute(TestNGXmlTestSuite.java:75)
org.apache.maven.surefire.testng.TestNGProvider.invoke(TestNGProvider.java:120)
org.apache.maven.surefire.booter.ForkedBooter.invokeProviderInSameClassLoader(ForkedBooter.java:379)
org.apache.maven.surefire.booter.ForkedBooter.runSuitesInProcess(ForkedBooter.java:340)
org.apache.maven.surefire.booter.ForkedBooter.execute(ForkedBooter.java:125)
org.apache.maven.surefire.booter.ForkedBooter.main(ForkedBooter.java:413)
at com.testng.Assert.fail(Assert.java:202)
at com.slokam.test.automation.common.selenium.SafeActions.safeClick(SafeActions.java:110)
at com.slokam.test.automation.common.pages.CreateCompanyPage.createPublicAccessCompany(CreateCompanyPage.java:35)
at com.slokam.test.automation.testscripts.basic.CreateCompanyTest.createCompanyWithPublicAccess(CreateCompanyTest.java:44)
]]>
            </full-stacktrace>
          </exception> <!-- java.lang.AssertionError -->
          <reporter-output>
          </reporter-output>
        </test-method> <!-- createCompanyWithPublicAccess -->
        <test-method status="PASS" signature="CloseBrowser()[pri:0, instance:com.slokam.test.automation.testscripts.basic.CreateCompanyTest@22fcf7ab]" name="CloseBrowser" is-config="true" duration-ms="815" started-at="2020-02-22T04:00:32Z" finished-at="2020-02-22T04:00:32Z">
          <reporter-output>
          </reporter-output>
        </test-method> <!-- CloseBrowser -->
        <test-method status="PASS" signature="AddLogFileToReport()[pri:0, instance:com.slokam.test.automation.testscripts.basic.CreateCompanyTest@22fcf7ab]" name="AddLogFileToReport" is-config="true" duration-ms="0" started-at="2020-02-22T04:00:33Z" finished-at="2020-02-22T04:00:33Z">
          <reporter-output>
          </reporter-output>
        </test-method> <!-- AddLogFileToReport -->
      </class> <!-- com.slokam.test.automation.testscripts.basic.CreateCompanyTest -->
    </test> <!-- registration -->
  </suite> <!-- OpenProject -->
</testng-results>
